<?xml version="1.0" encoding="UTF-8"?>
<!-- Generated by org.testng.reporters.JUnitReportReporter -->
<testsuite hostname="DESKTOP-K2OCMH0" failures="0" tests="1" name="com.OrangeHRM.AppTest" time="0.017" errors="0" timestamp="2022-07-28T16:22:24 IST" skipped="0">
  <testcase classname="com.OrangeHRM.AppTest" name="testApp" time="0.017"/>
  <system-out/>
</testsuite> <!-- com.OrangeHRM.AppTest -->
